[2025-12-04T16:06:41.882Z] [INFO] Verificando configuración...
[2025-12-04T16:06:41.892Z] [INFO] ✅ Supabase configurado: https://tvijhnglmryjmrstfvbv.s...
[2025-12-04T16:06:41.892Z] [INFO] ✅ Google Maps API configurada: AIzaSyAfsP...
[2025-12-04T16:06:41.892Z] [INFO] 
Analizando clientes a procesar...
[2025-12-04T16:06:52.543Z] [INFO] 🚀 Iniciando geocodificación...

[2025-12-04T16:06:55.520Z] [INFO] [1/140] ✅ ÉXITO 2 - HORQUETA (P): -27.173704, -65.503437
[2025-12-04T16:06:57.866Z] [INFO] [2/140] ✅ ÉXITO 3 - SAN MARTIN (P): -27.168625, -65.501275
[2025-12-04T16:07:00.246Z] [INFO] [3/140] ✅ ÉXITO 4 - ALBERDI (P): -27.170418, -65.497953
[2025-12-04T16:07:02.602Z] [INFO] [4/140] ✅ ÉXITO 101 - ALICIA VAQUERA: -27.165450, -65.505423
[2025-12-04T16:07:05.084Z] [INFO] [5/140] ✅ ÉXITO 102 - SOLEDAD ORELLANA: -27.165870, -65.493430
[2025-12-04T16:07:07.541Z] [INFO] [6/140] ✅ ÉXITO 103 - PAOLA ARDILES: -27.165382, -65.503171
[2025-12-04T16:07:09.824Z] [INFO] [7/140] ✅ ÉXITO 104 - POLLERIA MONTEAGUDO: -27.172360, -65.493100
[2025-12-04T16:07:12.103Z] [INFO] [8/140] ✅ ÉXITO 107 - ALMENDRA: -27.163661, -65.494530
[2025-12-04T16:07:14.341Z] [INFO] [9/140] ✅ ÉXITO 110 - WALTER NIEVA: -27.166206, -65.497186
[2025-12-04T16:07:16.425Z] [INFO] [10/140] ✅ ÉXITO 116 - POLLERIA LA 5TA: -27.166206, -65.497186
[2025-12-04T16:07:18.806Z] [INFO] [11/140] ✅ ÉXITO 123 - POLLERIA ENZO: -27.170995, -65.489911
[2025-12-04T16:07:21.129Z] [INFO] [12/140] ✅ ÉXITO 124 - POLLERIA LA GRINGA: -27.175415, -65.504683
[2025-12-04T16:07:23.517Z] [INFO] [13/140] ✅ ÉXITO 125 - EMILIA MARKET: -27.162393, -65.502687
[2025-12-04T16:07:25.975Z] [INFO] [14/140] ✅ ÉXITO 126 - CARLOS CORONEL: -27.166142, -65.490100
[2025-12-04T16:07:28.432Z] [INFO] [15/140] ✅ ÉXITO 129 - ALE FERNANDEZ: -27.173792, -65.503768
[2025-12-04T16:07:30.685Z] [INFO] [16/140] ✅ ÉXITO 134 - POLLERIA LA PATRONA: -27.165382, -65.503171
[2025-12-04T16:07:33.348Z] [INFO] [17/140] ✅ ÉXITO 137 - LEO KISI: -27.178301, -65.504584
[2025-12-04T16:07:35.703Z] [INFO] [18/140] ✅ ÉXITO 139 - BAR SCARAMANZIA: -27.170607, -65.494262
[2025-12-04T16:07:38.059Z] [INFO] [19/140] ✅ ÉXITO 140 - BETO CORREA: -27.166690, -65.503480
[2025-12-04T16:07:40.456Z] [INFO] [20/140] ✅ ÉXITO 143 - POLLERIA AMERICO PAEZ: -27.166206, -65.497186
[2025-12-04T16:07:42.870Z] [INFO] [21/140] ✅ ÉXITO 146 - POLLERIA MONZON: -27.166206, -65.497186
[2025-12-04T16:07:44.381Z] [INFO] [22/140] ⏭️  OMITIDO 149 - CRISTIAN COSTILLA: Caso especial (RETIRA DEL GALPON)
[2025-12-04T16:07:45.327Z] [INFO] [23/140] ✅ ÉXITO 159 - POLLERIA JUAREZ: -27.176860, -65.492270
[2025-12-04T16:07:47.785Z] [INFO] [24/140] ✅ ÉXITO 160 - MIMI ORELLANA: -27.164761, -65.495410
[2025-12-04T16:07:50.242Z] [INFO] [25/140] ✅ ÉXITO 161 - FRANCO CORREA: -27.166206, -65.497186
[2025-12-04T16:07:52.038Z] [INFO] [26/140] ⚠️  NO ENCONTRADO 164 - ROSA VILLAGRA: No existe en BD
[2025-12-04T16:07:52.905Z] [INFO] [27/140] ✅ ÉXITO 167 - JUAN NIEVA: -27.173934, -65.510687
[2025-12-04T16:07:55.465Z] [INFO] [28/140] ✅ ÉXITO 169 - PANADERIA DAVID: -27.172460, -65.502143
[2025-12-04T16:07:57.616Z] [INFO] [29/140] ✅ ÉXITO 173 - POLLERIA LA ARGENTINA: -27.166206, -65.497186
[2025-12-04T16:07:59.846Z] [INFO] [30/140] ✅ ÉXITO 174 - DARIO PAEZ: -27.167812, -65.495080
[2025-12-04T16:08:02.224Z] [INFO] [31/140] ✅ ÉXITO 176 - POLLERIA TOMASITO: -27.166736, -65.493961
[2025-12-04T16:08:04.682Z] [INFO] [32/140] ✅ ÉXITO 184 - MARTIN ELIAS: -27.177378, -65.500714
[2025-12-04T16:08:06.903Z] [INFO] [33/140] ✅ ÉXITO 187 - MONICA NUÑEZ: -27.162748, -65.490212
[2025-12-04T16:08:09.290Z] [INFO] [34/140] ✅ ÉXITO 188 - BAR FIKA (MONTEROS): -27.165180, -65.496279
[2025-12-04T16:08:11.748Z] [INFO] [35/140] ✅ ÉXITO 189 - DESPENSA E Y F: -27.166206, -65.497186
[2025-12-04T16:08:14.001Z] [INFO] [36/140] ✅ ÉXITO 195 - POLLERIA LA 24: -27.160425, -65.503012
[2025-12-04T16:08:15.516Z] [INFO] [37/140] ⏭️  OMITIDO 197 - JUAN JOSE OLEA: Caso especial (RETIRA DE GALPON)
[2025-12-04T16:08:16.327Z] [INFO] [38/140] ✅ ÉXITO 209 - LA PORTEÑA: -27.174995, -65.489103
[2025-12-04T16:08:17.832Z] [INFO] [39/140] ⏭️  OMITIDO 216 - GUSTAVO OLEA: Caso especial (RETIRA DEL GALPON)
[2025-12-04T16:08:18.712Z] [INFO] [40/140] ✅ ÉXITO 218 - ROBERTO ARGAÑARAZ: -27.173267, -65.491313
[2025-12-04T16:08:20.217Z] [INFO] [41/140] ⏭️  OMITIDO 221 - OMAR FERNANDEZ: Caso especial (RETIRA DEL GALPON)
[2025-12-04T16:08:20.920Z] [INFO] [42/140] ✅ ÉXITO 228 - VALERIA ALBORNOZ: -27.160130, -65.505963
[2025-12-04T16:08:23.320Z] [INFO] [43/140] ✅ ÉXITO 230 - LUCAS LOPEZ: -27.161773, -65.489687
[2025-12-04T16:08:25.777Z] [INFO] [44/140] ✅ ÉXITO 232 - MAIRA CORONEL: -27.163452, -65.492739
[2025-12-04T16:08:28.235Z] [INFO] [45/140] ✅ ÉXITO 246 - POLLERIA BMP: -27.157963, -65.499530
[2025-12-04T16:08:30.641Z] [INFO] [46/140] ✅ ÉXITO 248 - MANUELA MEDINA: -27.164669, -65.492181
[2025-12-04T16:08:32.955Z] [INFO] [47/140] ✅ ÉXITO 253 - POLLERIA J Y E: -27.176189, -65.505686
[2025-12-04T16:08:35.428Z] [INFO] [48/140] ✅ ÉXITO 254 - POLLERIA TETE: -26.819526, -65.204976
[2025-12-04T16:08:36.932Z] [INFO] [49/140] ⏭️  OMITIDO 261 - GOMEZ ENRIQUE: Caso especial (COMPRA GALPON)
[2025-12-04T16:08:36.932Z] [INFO] [50/140] ⏭️  OMITIDO 263 - NORMA GAUNA: Caso especial (COMPRA GALPON)
[2025-12-04T16:08:36.932Z] [INFO] [51/140] ⏭️  OMITIDO 266 - SILVIA GONZALES: Caso especial (COMPRA GALPON)
[2025-12-04T16:08:38.066Z] [INFO] [52/140] ✅ ÉXITO 275 - POLLERIA JD: -27.167798, -65.494873
[2025-12-04T16:08:39.568Z] [INFO] [53/140] ⏭️  OMITIDO 278 - ELINA ALBORNOZ: Caso especial (RETIRA DE GALPON)
[2025-12-04T16:08:39.809Z] [INFO] [54/140] ⚠️  NO ENCONTRADO 280 - PUNTO TINCHO: No existe en BD
[2025-12-04T16:08:39.809Z] [INFO] [55/140] ⏭️  OMITIDO 286 - JEREZ ROSA: Caso especial (COMPRA CASA CENTRAL)
[2025-12-04T16:08:40.728Z] [INFO] [56/140] ✅ ÉXITO 290 - ARIEL ALDERETE: -27.159900, -65.500784
[2025-12-04T16:08:43.087Z] [INFO] [57/140] ✅ ÉXITO 291 - VALERIA JIMENEZ: -27.166882, -65.504195
[2025-12-04T16:08:45.462Z] [INFO] [58/140] ✅ ÉXITO 296 - OPEN24HS: -27.159769, -65.502260
[2025-12-04T16:08:47.287Z] [INFO] [59/140] ⚠️  NO ENCONTRADO 297 - IVANA NORRY: No existe en BD
[2025-12-04T16:08:47.594Z] [INFO] [60/140] ⚠️  NO ENCONTRADO 298 - ANTONIA PONCE: No existe en BD
[2025-12-04T16:08:48.617Z] [INFO] [61/140] ✅ ÉXITO 301 - MARTIN NORRY: -27.167588, -65.490516
[2025-12-04T16:08:50.120Z] [INFO] [62/140] ⏭️  OMITIDO 304 - JONATAN FIGUEROA: Caso especial (COMPRA GALPON)
[2025-12-04T16:08:50.373Z] [INFO] [63/140] ⚠️  NO ENCONTRADO 318 - NANCY TEJEDA: No existe en BD
[2025-12-04T16:08:50.666Z] [INFO] [64/140] ⚠️  NO ENCONTRADO 323 - ALICIA GALVAN: No existe en BD
[2025-12-04T16:08:50.666Z] [INFO] [65/140] ⏭️  OMITIDO 324 - ARROYO RODOLFO: Caso especial (COMPRA GALPON)
[2025-12-04T16:08:50.882Z] [INFO] [66/140] ⚠️  NO ENCONTRADO 329 - MARIA JOSE CASTILLO: No existe en BD
[2025-12-04T16:08:51.792Z] [INFO] [67/140] ✅ ÉXITO 343 - HUGO SALES: -27.166451, -65.499210
[2025-12-04T16:08:54.147Z] [INFO] [68/140] ✅ ÉXITO 345 - DESPENSA PEDRO: -27.177926, -65.506762
[2025-12-04T16:08:56.376Z] [INFO] [69/140] ✅ ÉXITO 348 - SUPER CARNES FREDY: -27.162945, -65.505128
[2025-12-04T16:08:58.597Z] [INFO] [70/140] ✅ ÉXITO 352 - DESPENSA DOÑA RAMONA: -27.270950, -65.554192
[2025-12-04T16:09:01.008Z] [INFO] [71/140] ✅ ÉXITO 353 - CASINO RITZ: -27.169220, -65.495032
[2025-12-04T16:09:03.328Z] [INFO] [72/140] ✅ ÉXITO 354 - LUIS NADAL: -27.161249, -65.499924
[2025-12-04T16:09:05.719Z] [INFO] [73/140] ✅ ÉXITO 361 - MERCEDES MANCA (KIOSCO LA TUCU): -27.160957, -65.497994
[2025-12-04T16:09:08.074Z] [INFO] [74/140] ✅ ÉXITO 366 - KARINA TREJO: -27.174132, -65.508263
[2025-12-04T16:09:10.329Z] [INFO] [75/140] ✅ ÉXITO 389 - LUIS HERRERA: -27.166206, -65.497186
[2025-12-04T16:09:12.785Z] [INFO] [76/140] ✅ ÉXITO 392 - TOMAS GIMENEZ: -27.170204, -65.501783
[2025-12-04T16:09:15.140Z] [INFO] [77/140] ✅ ÉXITO 396 - WALTER CADONI: -27.182891, -65.487631
[2025-12-04T16:09:17.346Z] [INFO] [78/140] ✅ ÉXITO 407 - POLLERIA EL PACARA: -27.176313, -65.504450
[2025-12-04T16:09:19.851Z] [INFO] [79/140] ✅ ÉXITO 418 - MARIA MANSILLA: -27.174006, -65.509652
[2025-12-04T16:09:22.206Z] [INFO] [80/140] ✅ ÉXITO 434 - CARNICERIA EL PORTEÑO: -27.178256, -65.508218
[2025-12-04T16:09:24.357Z] [INFO] [81/140] ✅ ÉXITO 436 - POLLERIA TOLEDO: -27.166206, -65.497186
[2025-12-04T16:09:26.815Z] [INFO] [82/140] ✅ ÉXITO 438 - CLUB MONTEROS VOLEY: -27.179474, -65.499535
[2025-12-04T16:09:29.083Z] [INFO] [83/140] ✅ ÉXITO 447 - FRANCO VAQUERA: -27.168981, -65.501190
[2025-12-04T16:09:30.587Z] [INFO] [84/140] ⏭️  OMITIDO 459 - PABLO HEREDIA: Caso especial (RETIRA DEL GALPON)
[2025-12-04T16:09:31.268Z] [INFO] [85/140] ✅ ÉXITO 460 - MARIA JIMENA MOLINA: -27.173976, -65.510503
[2025-12-04T16:09:33.573Z] [INFO] [86/140] ✅ ÉXITO 461 - POLLERIA COMERCIAL: -27.162275, -65.507637
[2025-12-04T16:09:35.934Z] [INFO] [87/140] ✅ ÉXITO 473 - IVAN SORIA: -27.168269, -65.494431
[2025-12-04T16:09:37.440Z] [INFO] [88/140] ⏭️  OMITIDO 483 - MARIA NIETO: Caso especial (RETIRA DEL GALPON)
[2025-12-04T16:09:37.440Z] [INFO] [89/140] ⏭️  OMITIDO 484 - JOSE MIGUEL LLORENS: Caso especial (RETIRA DEL GALPON)
[2025-12-04T16:09:38.284Z] [INFO] [90/140] ✅ ÉXITO 490 - POLLERIA JYE: -27.165414, -65.489402
[2025-12-04T16:09:40.537Z] [INFO] [91/140] ✅ ÉXITO 492 - POLLERIA DEL VALLE: -27.182104, -65.487430
[2025-12-04T16:09:42.893Z] [INFO] [92/140] ✅ ÉXITO 494 - MARIELA MEDINA: -27.167985, -65.489403
[2025-12-04T16:09:45.350Z] [INFO] [93/140] ✅ ÉXITO 498 - ZOZINE SILVIA: -27.172621, -65.510669
[2025-12-04T16:09:47.706Z] [INFO] [94/140] ✅ ÉXITO 506 - RAUL NUÑEZ: -27.164144, -65.498503
[2025-12-04T16:09:50.061Z] [INFO] [95/140] ✅ ÉXITO 508 - CRISTINA ZOZINE: -27.172621, -65.510669
[2025-12-04T16:09:52.519Z] [INFO] [96/140] ✅ ÉXITO 510 - RAUL CAYO: -27.172463, -65.496356
[2025-12-04T16:09:54.874Z] [INFO] [97/140] ✅ ÉXITO 527 - POLLERIA AVILA: -27.171727, -65.496309
[2025-12-04T16:09:57.332Z] [INFO] [98/140] ✅ ÉXITO 528 - POLLERIA MAURICIO: -27.175944, -65.503093
[2025-12-04T16:09:59.687Z] [INFO] [99/140] ✅ ÉXITO 534 - DAMIAN HERRERA: -27.166206, -65.497186
[2025-12-04T16:10:02.145Z] [INFO] [100/140] ✅ ÉXITO 551 - CARNICERIA HUGO: -27.161074, -65.495895
[2025-12-04T16:10:04.407Z] [INFO] [101/140] ✅ ÉXITO 558 - MONONA ORELLANA: -27.166206, -65.497186
[2025-12-04T16:10:06.855Z] [INFO] [102/140] ✅ ÉXITO 560 - ROSARIO ALE: -27.166142, -65.490100
[2025-12-04T16:10:09.313Z] [INFO] [103/140] ✅ ÉXITO 562 - AZUCENA VILLAGRA (LOLI): -27.160615, -65.488544
[2025-12-04T16:10:11.873Z] [INFO] [104/140] ✅ ÉXITO 565 - MARIA AGUIRRE: -27.177406, -65.506109
[2025-12-04T16:10:14.229Z] [INFO] [105/140] ✅ ÉXITO 567 - ANALIA AVILA: -27.199332, -65.508512
[2025-12-04T16:10:16.687Z] [INFO] [106/140] ✅ ÉXITO 575 - CARNICERIA SAN TORO: -27.163005, -65.492927
[2025-12-04T16:10:19.041Z] [INFO] [107/140] ✅ ÉXITO 588 - AGUSTIN OLEA: -27.165689, -65.504207
[2025-12-04T16:10:21.397Z] [INFO] [108/140] ✅ ÉXITO 589 - WALTER DIP: -27.166206, -65.497186
[2025-12-04T16:10:24.059Z] [INFO] [109/140] ✅ ÉXITO 592 - DESPENSA EL MELLI: -27.161925, -65.491896
[2025-12-04T16:10:26.517Z] [INFO] [110/140] ✅ ÉXITO 604 - BIANCA SALGUERO: -27.166206, -65.497186
[2025-12-04T16:10:28.873Z] [INFO] [111/140] ✅ ÉXITO 605 - MAXI LESCANO: -27.172279, -65.495157
[2025-12-04T16:10:31.095Z] [INFO] [112/140] ✅ ÉXITO 608 - SUPER CARNES GUILLERMINA: -27.173189, -65.493752
[2025-12-04T16:10:33.583Z] [INFO] [113/140] ✅ ÉXITO 613 - IVANA DOMINGUEZ: -27.171158, -65.510145
[2025-12-04T16:10:36.144Z] [INFO] [114/140] ✅ ÉXITO 614 - GABRIELA SALAS: -27.165164, -65.490978
[2025-12-04T16:10:38.601Z] [INFO] [115/140] ✅ ÉXITO 624 - GUADALUPE CHUMBA: -27.177406, -65.506109
[2025-12-04T16:10:41.059Z] [INFO] [116/140] ✅ ÉXITO 626 - ALDO MOYA: -27.162686, -65.485204
[2025-12-04T16:10:43.510Z] [INFO] [117/140] ✅ ÉXITO 630 - JESICA ROMANO: -27.160532, -65.498338
[2025-12-04T16:10:45.865Z] [INFO] [118/140] ✅ ÉXITO 631 - VERONICA FIGUEROA: -27.166206, -65.497186
[2025-12-04T16:10:48.220Z] [INFO] [119/140] ✅ ÉXITO 634 - HERNAN DIAZ: -27.161316, -65.504483
[2025-12-04T16:10:50.576Z] [INFO] [120/140] ✅ ÉXITO 637 - BAR DE RODI: -27.173912, -65.507349
[2025-12-04T16:10:53.033Z] [INFO] [121/140] ✅ ÉXITO 640 - JESUS RIVADENEIRA: -27.176115, -65.505524
[2025-12-04T16:10:55.286Z] [INFO] [122/140] ✅ ÉXITO 661 - MARLEN PERALTA: -27.182104, -65.487430
[2025-12-04T16:10:57.035Z] [INFO] [123/140] ⚠️  NO ENCONTRADO 665 - POLLERIA ISABELA: No existe en BD
[2025-12-04T16:10:57.846Z] [INFO] [124/140] ✅ ÉXITO 699 - WILLIAM FONTEÑO: -27.177353, -65.507893
[2025-12-04T16:11:00.202Z] [INFO] [125/140] ✅ ÉXITO 713 - BEATRIZ MOLINA: -27.178215, -65.505847
[2025-12-04T16:11:02.557Z] [INFO] [126/140] ✅ ÉXITO 715 - FERNANDA VAQUERA: -27.159896, -65.501225
[2025-12-04T16:11:04.912Z] [INFO] [127/140] ✅ ÉXITO 726 - GABRIEL DELGADO: -27.169899, -65.493530
[2025-12-04T16:11:07.097Z] [INFO] [128/140] ✅ ÉXITO 734 - NATALIA LAZARTE: -27.169899, -65.493530
[2025-12-04T16:11:09.623Z] [INFO] [129/140] ✅ ÉXITO 750 - MINISERVICE URKUPIÑA: -27.175545, -65.509115
[2025-12-04T16:11:11.876Z] [INFO] [130/140] ✅ ÉXITO 752 - MARIA QUINTEROS: -27.179474, -65.499535
[2025-12-04T16:11:13.720Z] [INFO] [131/140] ⚠️  NO ENCONTRADO 753 - POLLERIA LA NORTEÑITA: No existe en BD
[2025-12-04T16:11:13.720Z] [INFO] [132/140] ⏭️  OMITIDO 761 - CLAUDIO TRIPOLONI: Caso especial (RETIRA DEL GALPON)
[2025-12-04T16:11:14.641Z] [INFO] [133/140] ✅ ÉXITO 762 - CARLOS COSTILLA: -27.162686, -65.485204
[2025-12-04T16:11:16.894Z] [INFO] [134/140] ✅ ÉXITO 773 - DESPENSA CRIS: -27.166206, -65.497186
[2025-12-04T16:11:19.250Z] [INFO] [135/140] ✅ ÉXITO 776 - PATRICIA VELIZ: -27.178124, -65.490795
[2025-12-04T16:11:21.707Z] [INFO] [136/140] ✅ ÉXITO 779 - MARCOS EZEQUIEL ORELLANA: -27.171008, -65.492622
[2025-12-04T16:11:24.164Z] [INFO] [137/140] ✅ ÉXITO 781 - AZAR MARIA MARCELA: -27.168474, -65.491636
[2025-12-04T16:11:26.520Z] [INFO] [138/140] ✅ ÉXITO 789 - GRACIELA GONZALEZ: -27.156430, -65.508798
[2025-12-04T16:11:28.789Z] [INFO] [139/140] ✅ ÉXITO 790 - MARTA MOLINA: -27.162631, -65.490101
[2025-12-04T16:11:31.230Z] [INFO] [140/140] ✅ ÉXITO 792 - MARU PAEZ: -27.172287, -65.503305